<?xml version="1.0" encoding="UTF-8"?>
<!-- Generated by org.testng.reporters.JUnitXMLReporter -->
<testsuite ignored="0" hostname="Yogesh-Pt" failures="0" tests="4" name="Default test" time="2.325" errors="0" timestamp="2021-02-23T16:55:41 IST">
  <testcase classname="com.rest.testcases.TC007_DELETE_User" name="deleteUserRecord" time="2.17"/>
  <testcase classname="com.rest.testcases.TC007_DELETE_User" name="verifyResponseForDELETERequest" time="0.004"/>
  <testcase classname="com.rest.testcases.TC007_DELETE_User" name="checkResponseStatusCodeForDELETERequest" time="0.001"/>
  <testcase classname="com.rest.testcases.TC007_DELETE_User" name="checkStatusLineForDELETERequest" time="0.001"/>
</testsuite> <!-- Default test -->
