<?xml version="1.0" encoding="UTF-8"?>
<testsuite name="TestSuite" time="6.086" tests="7" errors="0" skipped="0" failures="0">
  <properties>
[...]
</properties>
  <testcase name="checkBaseURIForGETAllRequest" classname="com.rest.testcases.TC001_GET_List_of_Users" time="2.086"/>
  <testcase name="checkBaseURIForGETSingleRequest" classname="com.rest.testcases.TC002_GET_Single_User" time="0.238"/>
  <testcase name="checkBaseURIForGETUserNotFound" classname="com.rest.testcases.TC003_GET_User_Not_Found" time="0.262"/>
  <testcase name="createUserByPOSTRequest" classname="com.rest.testcases.TC004_POST_Create_User" time="1.376"/>
  <testcase name="userUpdateWithPUTRequest" classname="com.rest.testcases.TC005_PUT_Update_User" time="0.702"/>
  <testcase name="partialUserUpdateWithPATCHRequest" classname="com.rest.testcases.TC006_PATCH_Partial_User_Update" time="0.718"/>
  <testcase name="deleteUserRecord" classname="com.rest.testcases.TC007_DELETE_User" time="0.704"/>
</testsuite>