<?xml version="1.0" encoding="UTF-8"?>
<testng-results ignored="0" total="7" passed="7" failed="0" skipped="0">
  <reporter-output>
  </reporter-output>
  <suite started-at="2021-02-23T12:40:43Z" name="RestAPISuite" finished-at="2021-02-23T12:40:49Z" duration-ms="6523">
    <groups>
    </groups>
    <test started-at="2021-02-23T12:40:43Z" name="RestAPITest" finished-at="2021-02-23T12:40:49Z" duration-ms="6523">
      <class name="com.rest.testcases.TC006_PATCH_Partial_User_Update">
        <test-method is-config="true" signature="setup()[pri:0, instance:com.rest.testcases.TC006_PATCH_Partial_User_Update@59662a0b]" started-at="2021-02-23T12:40:48Z" name="setup" finished-at="2021-02-23T12:40:48Z" duration-ms="3" status="PASS">
          <reporter-output>
          </reporter-output>
        </test-method> <!-- setup -->
        <test-method signature="partialUserUpdateWithPATCHRequest()[pri:1, instance:com.rest.testcases.TC006_PATCH_Partial_User_Update@59662a0b]" started-at="2021-02-23T12:40:48Z" name="partialUserUpdateWithPATCHRequest" finished-at="2021-02-23T12:40:49Z" duration-ms="717" status="PASS">
          <reporter-output>
          </reporter-output>
        </test-method> <!-- partialUserUpdateWithPATCHRequest -->
        <test-method is-config="true" signature="testInit()[pri:0, instance:com.rest.testcases.TC006_PATCH_Partial_User_Update@59662a0b]" started-at="2021-02-23T12:40:48Z" name="testInit" finished-at="2021-02-23T12:40:48Z" duration-ms="0" status="PASS">
          <reporter-output>
          </reporter-output>
        </test-method> <!-- testInit -->
      </class> <!-- com.rest.testcases.TC006_PATCH_Partial_User_Update -->
      <class name="com.rest.testcases.TC003_GET_User_Not_Found">
        <test-method is-config="true" signature="setup()[pri:0, instance:com.rest.testcases.TC003_GET_User_Not_Found@6069db50]" started-at="2021-02-23T12:40:46Z" name="setup" finished-at="2021-02-23T12:40:46Z" duration-ms="3" status="PASS">
          <reporter-output>
          </reporter-output>
        </test-method> <!-- setup -->
        <test-method is-config="true" signature="testInit()[pri:0, instance:com.rest.testcases.TC003_GET_User_Not_Found@6069db50]" started-at="2021-02-23T12:40:46Z" name="testInit" finished-at="2021-02-23T12:40:46Z" duration-ms="1" status="PASS">
          <reporter-output>
          </reporter-output>
        </test-method> <!-- testInit -->
        <test-method signature="checkBaseURIForGETUserNotFound()[pri:1, instance:com.rest.testcases.TC003_GET_User_Not_Found@6069db50]" started-at="2021-02-23T12:40:46Z" name="checkBaseURIForGETUserNotFound" finished-at="2021-02-23T12:40:46Z" duration-ms="261" status="PASS">
          <reporter-output>
          </reporter-output>
        </test-method> <!-- checkBaseURIForGETUserNotFound -->
      </class> <!-- com.rest.testcases.TC003_GET_User_Not_Found -->
      <class name="com.rest.testcases.TC004_POST_Create_User">
        <test-method is-config="true" signature="setup()[pri:0, instance:com.rest.testcases.TC004_POST_Create_User@4efbca5a]" started-at="2021-02-23T12:40:46Z" name="setup" finished-at="2021-02-23T12:40:46Z" duration-ms="7" status="PASS">
          <reporter-output>
          </reporter-output>
        </test-method> <!-- setup -->
        <test-method is-config="true" signature="testInit()[pri:0, instance:com.rest.testcases.TC004_POST_Create_User@4efbca5a]" started-at="2021-02-23T12:40:46Z" name="testInit" finished-at="2021-02-23T12:40:46Z" duration-ms="1" status="PASS">
          <reporter-output>
          </reporter-output>
        </test-method> <!-- testInit -->
        <test-method signature="createUserByPOSTRequest()[pri:1, instance:com.rest.testcases.TC004_POST_Create_User@4efbca5a]" started-at="2021-02-23T12:40:46Z" name="createUserByPOSTRequest" finished-at="2021-02-23T12:40:47Z" duration-ms="1376" status="PASS">
          <reporter-output>
          </reporter-output>
        </test-method> <!-- createUserByPOSTRequest -->
      </class> <!-- com.rest.testcases.TC004_POST_Create_User -->
      <class name="com.rest.testcases.TC007_DELETE_User">
        <test-method is-config="true" signature="setup()[pri:0, instance:com.rest.testcases.TC007_DELETE_User@77fbd92c]" started-at="2021-02-23T12:40:49Z" name="setup" finished-at="2021-02-23T12:40:49Z" duration-ms="6" status="PASS">
          <reporter-output>
          </reporter-output>
        </test-method> <!-- setup -->
        <test-method is-config="true" signature="testInit()[pri:0, instance:com.rest.testcases.TC007_DELETE_User@77fbd92c]" started-at="2021-02-23T12:40:49Z" name="testInit" finished-at="2021-02-23T12:40:49Z" duration-ms="1" status="PASS">
          <reporter-output>
          </reporter-output>
        </test-method> <!-- testInit -->
        <test-method signature="deleteUserRecord()[pri:1, instance:com.rest.testcases.TC007_DELETE_User@77fbd92c]" started-at="2021-02-23T12:40:49Z" name="deleteUserRecord" finished-at="2021-02-23T12:40:49Z" duration-ms="702" status="PASS">
          <reporter-output>
          </reporter-output>
        </test-method> <!-- deleteUserRecord -->
      </class> <!-- com.rest.testcases.TC007_DELETE_User -->
      <class name="com.rest.testcases.TC005_PUT_Update_User">
        <test-method is-config="true" signature="setup()[pri:0, instance:com.rest.testcases.TC005_PUT_Update_User@1b7cc17c]" started-at="2021-02-23T12:40:47Z" name="setup" finished-at="2021-02-23T12:40:47Z" duration-ms="3" status="PASS">
          <reporter-output>
          </reporter-output>
        </test-method> <!-- setup -->
        <test-method is-config="true" signature="testInit()[pri:0, instance:com.rest.testcases.TC005_PUT_Update_User@1b7cc17c]" started-at="2021-02-23T12:40:47Z" name="testInit" finished-at="2021-02-23T12:40:47Z" duration-ms="0" status="PASS">
          <reporter-output>
          </reporter-output>
        </test-method> <!-- testInit -->
        <test-method signature="userUpdateWithPUTRequest()[pri:1, instance:com.rest.testcases.TC005_PUT_Update_User@1b7cc17c]" started-at="2021-02-23T12:40:47Z" name="userUpdateWithPUTRequest" finished-at="2021-02-23T12:40:48Z" duration-ms="701" status="PASS">
          <reporter-output>
          </reporter-output>
        </test-method> <!-- userUpdateWithPUTRequest -->
      </class> <!-- com.rest.testcases.TC005_PUT_Update_User -->
      <class name="com.rest.testcases.TC001_GET_List_of_Users">
        <test-method is-config="true" signature="setup()[pri:0, instance:com.rest.testcases.TC001_GET_List_of_Users@49139829]" started-at="2021-02-23T12:40:43Z" name="setup" finished-at="2021-02-23T12:40:43Z" duration-ms="38" status="PASS">
          <reporter-output>
          </reporter-output>
        </test-method> <!-- setup -->
        <test-method is-config="true" signature="testInit()[pri:0, instance:com.rest.testcases.TC001_GET_List_of_Users@49139829]" started-at="2021-02-23T12:40:43Z" name="testInit" finished-at="2021-02-23T12:40:43Z" duration-ms="5" status="PASS">
          <reporter-output>
          </reporter-output>
        </test-method> <!-- testInit -->
        <test-method signature="checkBaseURIForGETAllRequest()[pri:1, instance:com.rest.testcases.TC001_GET_List_of_Users@49139829]" started-at="2021-02-23T12:40:43Z" name="checkBaseURIForGETAllRequest" finished-at="2021-02-23T12:40:45Z" duration-ms="2083" status="PASS">
          <reporter-output>
          </reporter-output>
        </test-method> <!-- checkBaseURIForGETAllRequest -->
      </class> <!-- com.rest.testcases.TC001_GET_List_of_Users -->
      <class name="com.rest.testcases.TC002_GET_Single_User">
        <test-method is-config="true" signature="setup()[pri:0, instance:com.rest.testcases.TC002_GET_Single_User@9597028]" started-at="2021-02-23T12:40:45Z" name="setup" finished-at="2021-02-23T12:40:45Z" duration-ms="3" status="PASS">
          <reporter-output>
          </reporter-output>
        </test-method> <!-- setup -->
        <test-method is-config="true" signature="testInit()[pri:0, instance:com.rest.testcases.TC002_GET_Single_User@9597028]" started-at="2021-02-23T12:40:45Z" name="testInit" finished-at="2021-02-23T12:40:45Z" duration-ms="0" status="PASS">
          <reporter-output>
          </reporter-output>
        </test-method> <!-- testInit -->
        <test-method signature="checkBaseURIForGETSingleRequest()[pri:1, instance:com.rest.testcases.TC002_GET_Single_User@9597028]" started-at="2021-02-23T12:40:45Z" name="checkBaseURIForGETSingleRequest" finished-at="2021-02-23T12:40:46Z" duration-ms="238" status="PASS">
          <reporter-output>
          </reporter-output>
        </test-method> <!-- checkBaseURIForGETSingleRequest -->
      </class> <!-- com.rest.testcases.TC002_GET_Single_User -->
    </test> <!-- RestAPITest -->
  </suite> <!-- RestAPISuite -->
</testng-results>
