<?xml version="1.0" encoding="UTF-8"?>
<!-- Generated by org.testng.reporters.JUnitXMLReporter -->
<testsuite ignored="0" hostname="Yogesh-Pt" failures="0" tests="32" name="RestAPITest" time="5.209" errors="0" timestamp="2021-09-29T15:15:01 IST">
  <testcase classname="com.rest.testcases.TC001_GET_List_of_Users" name="checkBaseURIForGETAllRequest" time="1.604"/>
  <testcase classname="com.rest.testcases.TC001_GET_List_of_Users" name="checkAllUsersResponseForGETRequest" time="0.006"/>
  <testcase classname="com.rest.testcases.TC001_GET_List_of_Users" name="checkStatusCodeForGETAllUserRequest" time="0.001"/>
  <testcase classname="com.rest.testcases.TC001_GET_List_of_Users" name="checkStatusLineForGETAllUserRequest" time="0.002"/>
  <testcase classname="com.rest.testcases.TC001_GET_List_of_Users" name="checkContentTypeForGETAllUserRequest" time="0.002"/>
  <testcase classname="com.rest.testcases.TC002_GET_Single_User" name="checkBaseURIForGETSingleRequest" time="0.252"/>
  <testcase classname="com.rest.testcases.TC002_GET_Single_User" name="checkResposeBodyForGETSingleRequest" time="0.005"/>
  <testcase classname="com.rest.testcases.TC002_GET_Single_User" name="checkStatusCodeForGETSingleRequest" time="0.003"/>
  <testcase classname="com.rest.testcases.TC002_GET_Single_User" name="checkStatusLineForGETSingleRequest" time="0.003"/>
  <testcase classname="com.rest.testcases.TC002_GET_Single_User" name="checkContentTypeForGETSingleRequest" time="0.003"/>
  <testcase classname="com.rest.testcases.TC003_GET_User_Not_Found" name="checkBaseURIForGETUserNotFound" time="0.455"/>
  <testcase classname="com.rest.testcases.TC003_GET_User_Not_Found" name="checkResposeBodyForGETUserNotFound" time="0.006"/>
  <testcase classname="com.rest.testcases.TC003_GET_User_Not_Found" name="checkStatusCodeForGETUserNotFound" time="0.002"/>
  <testcase classname="com.rest.testcases.TC004_POST_Create_User" name="createUserByPOSTRequest" time="0.519"/>
  <testcase classname="com.rest.testcases.TC004_POST_Create_User" name="verifyResponseForPOSTRequest" time="0.005"/>
  <testcase classname="com.rest.testcases.TC004_POST_Create_User" name="checkResponseStatusCodeForPOSTRequest" time="0.001"/>
  <testcase classname="com.rest.testcases.TC004_POST_Create_User" name="checkStatusLineForPOSTRequest" time="0.002"/>
  <testcase classname="com.rest.testcases.TC004_POST_Create_User" name="checkContentTypeForPOSTRequest" time="0.002"/>
  <testcase classname="com.rest.testcases.TC005_PUT_Update_User" name="userUpdateWithPUTRequest" time="0.404"/>
  <testcase classname="com.rest.testcases.TC005_PUT_Update_User" name="verifyResponseForPUTRequest" time="0.002"/>
  <testcase classname="com.rest.testcases.TC005_PUT_Update_User" name="checkResponseStatusCodeForPUTRequest" time="0.001"/>
  <testcase classname="com.rest.testcases.TC005_PUT_Update_User" name="checkStatusLineForPUTRequest" time="0.002"/>
  <testcase classname="com.rest.testcases.TC005_PUT_Update_User" name="checkContentTypeForPUTRequest" time="0.002"/>
  <testcase classname="com.rest.testcases.TC006_PATCH_Partial_User_Update" name="partialUserUpdateWithPATCHRequest" time="0.667"/>
  <testcase classname="com.rest.testcases.TC006_PATCH_Partial_User_Update" name="verifyResponseForPATCHRequest" time="0.002"/>
  <testcase classname="com.rest.testcases.TC006_PATCH_Partial_User_Update" name="checkResponseStatusCodeForPATCHRequest" time="0.0"/>
  <testcase classname="com.rest.testcases.TC006_PATCH_Partial_User_Update" name="checkStatusLineForPATCHRequest" time="0.001"/>
  <testcase classname="com.rest.testcases.TC006_PATCH_Partial_User_Update" name="checkContentTypeForPATCHRequest" time="0.0"/>
  <testcase classname="com.rest.testcases.TC007_DELETE_User" name="deleteUserRecord" time="0.684"/>
  <testcase classname="com.rest.testcases.TC007_DELETE_User" name="verifyResponseForDELETERequest" time="0.004"/>
  <testcase classname="com.rest.testcases.TC007_DELETE_User" name="checkResponseStatusCodeForDELETERequest" time="0.002"/>
  <testcase classname="com.rest.testcases.TC007_DELETE_User" name="checkStatusLineForDELETERequest" time="0.003"/>
</testsuite> <!-- RestAPITest -->
