<?xml version="1.0" encoding="UTF-8"?>
<!-- Generated by org.testng.reporters.JUnitXMLReporter -->
<testsuite ignored="0" hostname="Yogesh-Pt" failures="0" tests="7" name="RestAPITest" time="6.523" errors="0" timestamp="23 Feb 2021 12:40:49 GMT">
  <testcase classname="com.rest.testcases.TC001_GET_List_of_Users" name="checkBaseURIForGETAllRequest" time="2.083"/>
  <testcase classname="com.rest.testcases.TC002_GET_Single_User" name="checkBaseURIForGETSingleRequest" time="0.238"/>
  <testcase classname="com.rest.testcases.TC003_GET_User_Not_Found" name="checkBaseURIForGETUserNotFound" time="0.261"/>
  <testcase classname="com.rest.testcases.TC004_POST_Create_User" name="createUserByPOSTRequest" time="1.376"/>
  <testcase classname="com.rest.testcases.TC005_PUT_Update_User" name="userUpdateWithPUTRequest" time="0.701"/>
  <testcase classname="com.rest.testcases.TC006_PATCH_Partial_User_Update" name="partialUserUpdateWithPATCHRequest" time="0.717"/>
  <testcase classname="com.rest.testcases.TC007_DELETE_User" name="deleteUserRecord" time="0.702"/>
</testsuite> <!-- RestAPITest -->
